<?xml version="1.0" encoding="utf-8"?><testsuites><testsuite name="pytest" errors="10" failures="0" skipped="0" tests="10" time="30.813" timestamp="2025-11-07T21:24:07.928402" hostname="Shaf_Aston"><testcase classname="" name="tests.simple_storage_test" time="0.000"><error message="collection failure">ImportError while importing test module 'C:\Users\Shaf\Downloads\Final Year Project pack folder\Sales roleplay chatbot\tests\simple_storage_test.py'.
Hint: make sure your test modules/packages have valid Python names.
Traceback:
C:\Python312\Lib\importlib\__init__.py:90: in import_module
    return _bootstrap._gcd_import(name[level:], package, level)
tests\simple_storage_test.py:16: in &lt;module&gt;
    from services.session_service import SessionLogStore, TrainingSession, ConversationTurn
E   ModuleNotFoundError: No module named 'services.session_service'</error></testcase><testcase classname="" name="tests.test_dependencies" time="0.000"><error message="collection failure">C:\Python312\Lib\site-packages\_pytest\python.py:617: in _importtestmodule
    mod = import_path(self.path, mode=importmode, root=self.config.rootpath)
C:\Python312\Lib\site-packages\_pytest\pathlib.py:567: in import_path
    importlib.import_module(module_name)
C:\Python312\Lib\importlib\__init__.py:90: in import_module
    return _bootstrap._gcd_import(name[level:], package, level)
&lt;frozen importlib._bootstrap&gt;:1387: in _gcd_import
    ???
&lt;frozen importlib._bootstrap&gt;:1360: in _find_and_load
    ???
&lt;frozen importlib._bootstrap&gt;:1331: in _find_and_load_unlocked
    ???
&lt;frozen importlib._bootstrap&gt;:935: in _load_unlocked
    ???
C:\Python312\Lib\site-packages\_pytest\assertion\rewrite.py:177: in exec_module
    source_stat, co = _rewrite_test(fn, self.config)
C:\Python312\Lib\site-packages\_pytest\assertion\rewrite.py:359: in _rewrite_test
    tree = ast.parse(source, filename=strfn)
C:\Python312\Lib\ast.py:52: in parse
    return compile(source, filename, mode, flags,
E     File "C:\Users\Shaf\Downloads\Final Year Project pack folder\Sales roleplay chatbot\tests\test_dependencies.py", line 320
E       print(f"{cmd}
E             ^
E   SyntaxError: unterminated f-string literal (detected at line 320)</error></testcase><testcase classname="" name="tests.test_model_optimization" time="0.000"><error message="collection failure">C:\Python312\Lib\site-packages\_pytest\python.py:617: in _importtestmodule
    mod = import_path(self.path, mode=importmode, root=self.config.rootpath)
C:\Python312\Lib\site-packages\_pytest\pathlib.py:567: in import_path
    importlib.import_module(module_name)
C:\Python312\Lib\importlib\__init__.py:90: in import_module
    return _bootstrap._gcd_import(name[level:], package, level)
&lt;frozen importlib._bootstrap&gt;:1387: in _gcd_import
    ???
&lt;frozen importlib._bootstrap&gt;:1360: in _find_and_load
    ???
&lt;frozen importlib._bootstrap&gt;:1331: in _find_and_load_unlocked
    ???
&lt;frozen importlib._bootstrap&gt;:935: in _load_unlocked
    ???
C:\Python312\Lib\site-packages\_pytest\assertion\rewrite.py:177: in exec_module
    source_stat, co = _rewrite_test(fn, self.config)
C:\Python312\Lib\site-packages\_pytest\assertion\rewrite.py:359: in _rewrite_test
    tree = ast.parse(source, filename=strfn)
C:\Python312\Lib\ast.py:52: in parse
    return compile(source, filename, mode, flags,
E     File "C:\Users\Shaf\Downloads\Final Year Project pack folder\Sales roleplay chatbot\tests\test_model_optimization.py", line 458
E       missing.append("pip install bitsandbytes
E                      ^
E   SyntaxError: unterminated string literal (detected at line 458)</error></testcase><testcase classname="" name="tests.test_model_service" time="0.000"><error message="collection failure">ImportError while importing test module 'C:\Users\Shaf\Downloads\Final Year Project pack folder\Sales roleplay chatbot\tests\test_model_service.py'.
Hint: make sure your test modules/packages have valid Python names.
Traceback:
C:\Python312\Lib\importlib\__init__.py:90: in import_module
    return _bootstrap._gcd_import(name[level:], package, level)
tests\test_model_service.py:3: in &lt;module&gt;
    from services.model_service import ModelService
E   ModuleNotFoundError: No module named 'services.model_service'</error></testcase><testcase classname="" name="tests.test_storage_integration" time="0.000"><error message="collection failure">ImportError while importing test module 'C:\Users\Shaf\Downloads\Final Year Project pack folder\Sales roleplay chatbot\tests\test_storage_integration.py'.
Hint: make sure your test modules/packages have valid Python names.
Traceback:
C:\Python312\Lib\importlib\__init__.py:90: in import_module
    return _bootstrap._gcd_import(name[level:], package, level)
tests\test_storage_integration.py:20: in &lt;module&gt;
    from services.session_service import (
E   ModuleNotFoundError: No module named 'services.session_service'</error></testcase><testcase classname="" name="tests.test_stt_optimization" time="0.000"><error message="collection failure">ImportError while importing test module 'C:\Users\Shaf\Downloads\Final Year Project pack folder\Sales roleplay chatbot\tests\test_stt_optimization.py'.
Hint: make sure your test modules/packages have valid Python names.
Traceback:
C:\Python312\Lib\importlib\__init__.py:90: in import_module
    return _bootstrap._gcd_import(name[level:], package, level)
tests\test_stt_optimization.py:18: in &lt;module&gt;
    from src.services.voice_service import EnhancedVoiceService
E   ModuleNotFoundError: No module named 'src.services.voice_service'</error></testcase><testcase classname="" name="tests.test_transcript_preprocessing" time="0.000"><error message="collection failure">ImportError while importing test module 'C:\Users\Shaf\Downloads\Final Year Project pack folder\Sales roleplay chatbot\tests\test_transcript_preprocessing.py'.
Hint: make sure your test modules/packages have valid Python names.
Traceback:
C:\Python312\Lib\importlib\__init__.py:90: in import_module
    return _bootstrap._gcd_import(name[level:], package, level)
tests\test_transcript_preprocessing.py:10: in &lt;module&gt;
    from services.transcript_processor import get_transcript_processor
E   ModuleNotFoundError: No module named 'services.transcript_processor'</error></testcase><testcase classname="" name="tests.test_voice_wrappers" time="0.000"><error message="collection failure">ImportError while importing test module 'C:\Users\Shaf\Downloads\Final Year Project pack folder\Sales roleplay chatbot\tests\test_voice_wrappers.py'.
Hint: make sure your test modules/packages have valid Python names.
Traceback:
C:\Python312\Lib\importlib\__init__.py:90: in import_module
    return _bootstrap._gcd_import(name[level:], package, level)
tests\test_voice_wrappers.py:22: in &lt;module&gt;
    from services.voice_service import EnhancedVoiceService, VoiceEmotion
E   ModuleNotFoundError: No module named 'services.voice_service'</error></testcase><testcase classname="" name="training.scripts.test_integrated_training_pipeline" time="0.000"><error message="collection failure">training\scripts\test_integrated_training_pipeline.py:17: in &lt;module&gt;
    from integrated_training_pipeline import RoleplayTrainer, RoleplayTrainingExample
training\scripts\integrated_training_pipeline.py:14: in &lt;module&gt;
    from transformers import (
C:\Python312\Lib\site-packages\transformers\__init__.py:26: in &lt;module&gt;
    from . import dependency_versions_check
C:\Python312\Lib\site-packages\transformers\dependency_versions_check.py:16: in &lt;module&gt;
    from .utils.versions import require_version, require_version_core
C:\Python312\Lib\site-packages\transformers\utils\__init__.py:33: in &lt;module&gt;
    from .generic import (
C:\Python312\Lib\site-packages\transformers\utils\generic.py:31: in &lt;module&gt;
    from .import_utils import (
C:\Python312\Lib\site-packages\transformers\utils\import_utils.py:177: in &lt;module&gt;
    _torch_available, _torch_version = _is_package_available("torch", return_version=True)
C:\Python312\Lib\site-packages\transformers\utils\import_utils.py:43: in _is_package_available
    package_exists = importlib.util.find_spec(pkg_name) is not None
&lt;frozen importlib.util&gt;:108: in find_spec
    ???
E   ValueError: torch.__spec__ is not set</error></testcase><testcase classname="" name="training.scripts.test_roleplay_data_processor" time="0.000"><error message="collection failure">ImportError while importing test module 'C:\Users\Shaf\Downloads\Final Year Project pack folder\Sales roleplay chatbot\training\scripts\test_roleplay_data_processor.py'.
Hint: make sure your test modules/packages have valid Python names.
Traceback:
C:\Python312\Lib\importlib\__init__.py:90: in import_module
    return _bootstrap._gcd_import(name[level:], package, level)
training\scripts\test_roleplay_data_processor.py:3: in &lt;module&gt;
    from training.scripts.roleplay_data_processor import RoleplayDataProcessor
training\__init__.py:6: in &lt;module&gt;
    from .enhanced_training_coordinator import EnhancedTrainingCoordinator
training\enhanced_training_coordinator.py:13: in &lt;module&gt;
    from core_pipeline import (
E   ModuleNotFoundError: No module named 'core_pipeline'</error></testcase></testsuite></testsuites>